<?xml version="1.0" encoding="UTF-8"?>
<testsuite xmlns:xsi="http://www.w3.org/2001/XMLSchema-instance" xsi:noNamespaceSchemaLocation="https://maven.apache.org/surefire/maven-surefire-plugin/xsd/surefire-test-report-3.0.xsd" version="3.0" name="com.example.tictactoe.fp.FunctionalGameTest$DatabaseIntegrationTests" time="0.004" tests="42" errors="0" skipped="0" failures="0">
  <properties>
[...]
</properties>
  <testcase name="testCreateEmptyBoard" classname="com.example.tictactoe.fp.FunctionalGameTest" time="0.034"/>
  <testcase name="testBoardImmutability" classname="com.example.tictactoe.fp.FunctionalGameTest" time="0.004"/>
  <testcase name="testBoardFormatting(String, String, String)[1]" classname="com.example.tictactoe.fp.FunctionalGameTest" time="0.023"/>
  <testcase name="testBoardFormatting(String, String, String)[2]" classname="com.example.tictactoe.fp.FunctionalGameTest" time="0.001"/>
  <testcase name="testBoardFormatting(String, String, String)[3]" classname="com.example.tictactoe.fp.FunctionalGameTest" time="0.0"/>
  <testcase name="testMoveValidation(int, int, boolean)[1]" classname="com.example.tictactoe.fp.FunctionalGameTest" time="0.015"/>
  <testcase name="testMoveValidation(int, int, boolean)[2]" classname="com.example.tictactoe.fp.FunctionalGameTest" time="0.001"/>
  <testcase name="testMoveValidation(int, int, boolean)[3]" classname="com.example.tictactoe.fp.FunctionalGameTest" time="0.0"/>
  <testcase name="testMoveValidation(int, int, boolean)[4]" classname="com.example.tictactoe.fp.FunctionalGameTest" time="0.0"/>
  <testcase name="testMoveValidation(int, int, boolean)[5]" classname="com.example.tictactoe.fp.FunctionalGameTest" time="0.0"/>
  <testcase name="testMoveValidation(int, int, boolean)[6]" classname="com.example.tictactoe.fp.FunctionalGameTest" time="0.001"/>
  <testcase name="testMoveValidation(int, int, boolean)[7]" classname="com.example.tictactoe.fp.FunctionalGameTest" time="0.001"/>
  <testcase name="testOccupiedCellMove" classname="com.example.tictactoe.fp.FunctionalGameTest" time="0.002"/>
  <testcase name="testRowWinDetection" classname="com.example.tictactoe.fp.FunctionalGameTest" time="0.006"/>
  <testcase name="testColumnWinDetection" classname="com.example.tictactoe.fp.FunctionalGameTest" time="0.002"/>
  <testcase name="testDiagonalWinDetection" classname="com.example.tictactoe.fp.FunctionalGameTest" time="0.001"/>
  <testcase name="testDrawDetection" classname="com.example.tictactoe.fp.FunctionalGameTest" time="0.0"/>
  <testcase name="testAIStrategies" classname="com.example.tictactoe.fp.FunctionalGameTest" time="0.005"/>
  <testcase name="testMediumAIBlocking" classname="com.example.tictactoe.fp.FunctionalGameTest" time="0.004"/>
  <testcase name="testValidCommandParsing(String)[1]" classname="com.example.tictactoe.fp.FunctionalGameTest" time="0.004"/>
  <testcase name="testValidCommandParsing(String)[2]" classname="com.example.tictactoe.fp.FunctionalGameTest" time="0.0"/>
  <testcase name="testValidCommandParsing(String)[3]" classname="com.example.tictactoe.fp.FunctionalGameTest" time="0.0"/>
  <testcase name="testValidCommandParsing(String)[4]" classname="com.example.tictactoe.fp.FunctionalGameTest" time="0.001"/>
  <testcase name="testInvalidCommandParsing(String)[1]" classname="com.example.tictactoe.fp.FunctionalGameTest" time="0.001"/>
  <testcase name="testInvalidCommandParsing(String)[2]" classname="com.example.tictactoe.fp.FunctionalGameTest" time="0.001"/>
  <testcase name="testInvalidCommandParsing(String)[3]" classname="com.example.tictactoe.fp.FunctionalGameTest" time="0.001"/>
  <testcase name="testInvalidCommandParsing(String)[4]" classname="com.example.tictactoe.fp.FunctionalGameTest" time="0.0"/>
  <testcase name="testInvalidCommandParsing(String)[5]" classname="com.example.tictactoe.fp.FunctionalGameTest" time="0.001"/>
  <testcase name="testInvalidCommandParsing(String)[6]" classname="com.example.tictactoe.fp.FunctionalGameTest" time="0.001"/>
  <testcase name="testUserMoveInputParsing(String, boolean)[1]" classname="com.example.tictactoe.fp.FunctionalGameTest" time="0.003"/>
  <testcase name="testUserMoveInputParsing(String, boolean)[2]" classname="com.example.tictactoe.fp.FunctionalGameTest" time="0.001"/>
  <testcase name="testUserMoveInputParsing(String, boolean)[3]" classname="com.example.tictactoe.fp.FunctionalGameTest" time="0.001"/>
  <testcase name="testUserMoveInputParsing(String, boolean)[4]" classname="com.example.tictactoe.fp.FunctionalGameTest" time="0.001"/>
  <testcase name="testUserMoveInputParsing(String, boolean)[5]" classname="com.example.tictactoe.fp.FunctionalGameTest" time="0.001"/>
  <testcase name="testUserMoveInputParsing(String, boolean)[6]" classname="com.example.tictactoe.fp.FunctionalGameTest" time="0.001"/>
  <testcase name="testUserMoveInputParsing(String, boolean)[7]" classname="com.example.tictactoe.fp.FunctionalGameTest" time="0.001"/>
  <testcase name="testPlayerTypeEnum" classname="com.example.tictactoe.fp.FunctionalGameTest" time="0.001"/>
  <testcase name="testRecordImmutability" classname="com.example.tictactoe.fp.FunctionalGameTest" time="0.0"/>
  <testcase name="testGameIntegration" classname="com.example.tictactoe.fp.FunctionalGameTest" time="0.002"/>
  <testcase name="testPerformance" classname="com.example.tictactoe.fp.FunctionalGameTest" time="0.003"/>
  <testcase name="testEdgeCases" classname="com.example.tictactoe.fp.FunctionalGameTest" time="0.002"/>
  <testcase name="testDatabaseSaveGameState" classname="com.example.tictactoe.fp.FunctionalGameTest$DatabaseIntegrationTests" time="0.001"/>
</testsuite>